<?xml version="1.0" encoding="UTF-8"?>
<testsuite xmlns:xsi="http://www.w3.org/2001/XMLSchema-instance" xsi:noNamespaceSchemaLocation="https://maven.apache.org/surefire/maven-surefire-plugin/xsd/surefire-test-report.xsd" name="com.neohttp.server.NonBlockingHttpServerFunctionalTest" time="1.189" tests="2" errors="0" skipped="0" failures="0">
  <properties>
[...]
</properties>
  <testcase name="testGetIndexHtml" classname="com.neohttp.server.NonBlockingHttpServerFunctionalTest" time="0.144"/>
  <testcase name="testGet404" classname="com.neohttp.server.NonBlockingHttpServerFunctionalTest" time="0.002"/>
</testsuite>